<?xml version="1.0" encoding="UTF-8"?>
<!-- Generated by org.testng.reporters.JUnitReportReporter -->
<testsuite hostname="DESKTOP-C582COR" failures="0" tests="3" name="TestPackge.TestNGClass2" time="50.320" errors="0" timestamp="2022-10-04T13:37:22 IST" skipped="0">
  <testcase classname="TestPackge.TestNGClass2" name="createnewaccountdisplay" time="6.633"/>
  <system-out/>
  <testcase classname="TestPackge.TestNGClass2" name="loginpagedisplay" time="1.103"/>
  <system-out/>
  <testcase classname="TestPackge.TestNGClass2" name="featurepagedisplay" time="42.584"/>
  <system-out/>
</testsuite> <!-- TestPackge.TestNGClass2 -->
