<?xml version="1.0" encoding="UTF-8"?>
<!-- Generated by org.testng.reporters.JUnitReportReporter -->
<testsuite hostname="DESKTOP-C582COR" failures="0" tests="2" name="TestPackge.TestNGclass" time="15.104" errors="0" timestamp="2022-10-04T13:46:42 IST" skipped="0">
  <testcase classname="TestPackge.TestNGclass" name="opencontacttohelpcenterpage" time="6.689"/>
  <system-out/>
  <testcase classname="TestPackge.TestNGclass" name="openmessgenerpage" time="8.415"/>
  <system-out/>
</testsuite> <!-- TestPackge.TestNGclass -->
